RANDICA,0018538472
DANILIUC,0101021911
MIHALAGHE,0104294279
GHIRGHINA,0390754449
HIMA,0432145754
MARTEL,0550448908
COZAR,0551016990
TAMAIDA,0666644321
GIUMA,0668388554
GULZADE,0865143812
ANDRUTA,0951656820
LOPINA,1161893613
GIOMALDT,1301284593
MILENCOVICI,1312018903
STEAFAN,1458517250
ALFA,1701346687
MUNCHIU,1864548628
ZIUMBUL,1885773495
VERNET,1998436320
CHAMAS,2156745263
COVOARE,2312154497
EUNICEA,2462827806
EFTENIA,2496415146
ASINEFTA,2584621205
TIMEEA,2743098331
BUICA,2749570742
CORNEIEA,2757679731
IOJAN,2961177278
FLOREANTA,3098456801
PISAR,3135128069
IOFTIN,3257062809
SOLOVESTRU,3341289377
ROLAND,3361281122
ADISNAN,3379194383
SALIVESTRU,3391398348
CIUCURAN,3430991396
MARINLENA,3465954269
MENDA,3639581713
GERSON,3694584169
REMINA,3885689506
DOBARU,3948842770
ALFONS,4084234557
BESCIU,4245897613
PASARARIU,4305865159
REGHIN,4523923525
SIPOTEANU,4673072886
COSTACHEL,4824060020
SALCIANU,4848699631
CASTRIS,4919356004
BANATEANU,4927843417
MERCUREAN,5142990806
ZSIGISMUND,5228392324
DORFIA,5255627800
SEFIDIM,5540062938
APOR,5683059997
VANGHELIE,5840769024
ALISS,5864993805
MICILINA,6021624369
HOU,6027409289
BIAN,6124807425
BALANA,6138889443
VASILRE,6199425359
TOLAN,6358475333
HUSZAR,6458425901
NAIA,6504627121
CRANGASU,6568736354
EROCICA,6592068513
ZAVEN,6841646923
MICSA,6920696498
TABRIZI,6929694744
GABALDON,7251028992
DAGFINN,7283787128
CHIMEH,7538461040
MUNISE,7680535679
PASTIN,7737347933
GRECIAN,7751894619
POLCOVNICU,7756202590
CUBASA,7770351843
PUIULICA,7836606345
CLEMENTEA,7846385937
ALECS,7930039382
VICENTZIU,8072227766
LABLAUDE,8226309207
CEADIR,8305795052
SERVIER,8505381599
OPRISEA,8670808452
BENJAM,8688281362
EMI,8778262650
IUNIS,8923427961
PATACHI,9010589295
ANTONELLA,9114748630
DABAGHI,9161086721
BULACU,9311183479
RAINU,9311787106
OVESEA,9344665456
GENUT,9351142770
ZVEZDANA,9357229249
NINISOARA,9414968136
DAMIAN,9509868508
PLATA,9874944040